[4668][1641298028714][scratchpad][info]["EventBus~initialize - Success"]
[4668][1641298028717][scratchpad][info]["Messaging~boot - Success"]
[4668][1641298028763][scratchpad][info]["bootCrashReporter~ Success"]
[4668][1641298028766][scratchpad][info]["Telemetry~boot - Success"]
[4668][1641298028767][scratchpad][info]["bootConfigurations~initialize - Success"]
[4668][1641298028773][scratchpad][info]["Settings~boot - Success"]
[4668][1641298029192][scratchpad][info]["bootstrapModels - Success"]
[4668][1641298029193][scratchpad][info]["WLModels~boot - Success"]
[4668][1641298029216][scratchpad][info]["Session~boot - Success"]
[4668][1641298029223][scratchpad][info]["IndependentServices~boot - Success"]
[4668][1641298029241][scratchpad][info]["AppModels~boot - Success"]
[4668][1641298029293][scratchpad][info]["Sync~boot - Success"]
[4668][1641298029318][scratchpad][error]["WorkspaceSessionController~getActiveSession: WorkspaceSession not found in db"]
[4668][1641298029334][scratchpad][error]["ActiveWorkspaceSessionStore: Initial Hydration Failed once"]
[4668][1641298029369][scratchpad][info]["PostUpdateBackup~init: Success"]
[4668][1641298029375][scratchpad][info]["Shared~boot - Success"]
[4668][1641298029376][scratchpad][info]["DBWatcher~boot - Success"]
[4668][1641298029381][scratchpad][info]["ThemeManager~boot - Success"]
[4668][1641298029383][scratchpad][info]["WorkbenchService~boot - Success"]
[4668][1641298029383][scratchpad][info]["ContextBarRegistry~boot - Success"]
[4668][1641298029384][scratchpad][info]["Store~boot - Success"]
[4668][1641298029391][scratchpad][info]["Shortcuts~boot - Success"]
[4668][1641298029422][scratchpad][error]["WorkspaceSessionController~getActiveSession: WorkspaceSession not found in db"]
[4668][1641298029425][scratchpad][error]["ActiveWorkspaceSessionStore: Initial Hydration Failed twice",{"name":"Error","message":"WorkspaceSessionController~getActiveSession: WorkspaceSession not found in db","stack":"Error: WorkspaceSessionController~getActiveSession: WorkspaceSession not found in db\n    at file:///snap/postman/149/usr/share/postman/resources/app/js/vendor-shared.js:306029:35"}]
[4668][1641298029524][scratchpad][info]["NewConsole~boot - Success"]
[4668][1641298029531][scratchpad][info]["APIDevInterface~boot - Success"]
[4668][1641298029547][scratchpad][info]["Updater bailed! Running on Snap!"]
[4668][1641298029555][scratchpad][info]["Attempting to create IPCNode to proxy_node_process"]
[4668][1641298029576][scratchpad][info]["Requester~boot - Success"]
[4668][1641298029578][scratchpad][info]["SharedRuntimeListeners~boot - Success"]
[4668][1641298029582][scratchpad][info]["booted - scratchpad"]
[4668][1641298030069][scratchpad][info]["NavigationService ~ [BROWSER] Transitioning io the initial route with the URL:","home"]
[4668][1641298030238][scratchpad][info]["CloudProxyHandler: Proxy configuration has not been setup"]
[4668][1641298030238][scratchpad][error]["IPCNode~createClient~something wrong connecting to the IPC server",{"errno":"ENOENT","code":"ENOENT","syscall":"connect","address":"/home/mujahid/snap/postman/149/.config/Postman/proxy_node_process_prod.sock","name":"Error","message":"connect ENOENT /home/mujahid/snap/postman/149/.config/Postman/proxy_node_process_prod.sock","stack":"Error: connect ENOENT /home/mujahid/snap/postman/149/.config/Postman/proxy_node_process_prod.sock\n    at PipeConnectWrap.afterConnect [as oncomplete] (net.js:1141:16)"}]
[4668][1641298031714][scratchpad][info]["SessionValidation - Registering listener"]
[4668][1641298031730][scratchpad][info]["UI pulled the session locked information on init"]
[4668][1641298073493][scratchpad][info]["EventBus~initialize - Success"]
[4668][1641298073497][scratchpad][info]["Messaging~boot - Success"]
[4668][1641298073563][scratchpad][info]["bootCrashReporter~ Success"]
[4668][1641298073569][scratchpad][info]["Telemetry~boot - Success"]
[4668][1641298073572][scratchpad][info]["bootConfigurations~initialize - Success"]
[4668][1641298073579][scratchpad][info]["Settings~boot - Success"]
[4668][1641298074009][scratchpad][info]["bootstrapModels - Success"]
[4668][1641298074012][scratchpad][info]["WLModels~boot - Success"]
[4668][1641298074077][scratchpad][info]["Session~boot - Success"]
[4668][1641298074091][scratchpad][info]["IndependentServices~boot - Success"]
[4668][1641298074138][scratchpad][info]["AppModels~boot - Success"]
[4668][1641298074250][scratchpad][info]["Sync~boot - Success"]
[4668][1641298074321][scratchpad][error]["WorkspaceSessionController~getActiveSession: WorkspaceSession not found in db"]
[4668][1641298074341][scratchpad][error]["ActiveWorkspaceSessionStore: Initial Hydration Failed once"]
[4668][1641298074404][scratchpad][info]["PostUpdateBackup~init: Success"]
[4668][1641298074409][scratchpad][info]["Shared~boot - Success"]
[4668][1641298074410][scratchpad][info]["DBWatcher~boot - Success"]
[4668][1641298074417][scratchpad][info]["ThemeManager~boot - Success"]
[4668][1641298074419][scratchpad][info]["WorkbenchService~boot - Success"]
[4668][1641298074420][scratchpad][info]["ContextBarRegistry~boot - Success"]
[4668][1641298074422][scratchpad][info]["Store~boot - Success"]
[4668][1641298074425][scratchpad][info]["Shortcuts~boot - Success"]
[4668][1641298074471][scratchpad][error]["WorkspaceSessionController~getActiveSession: WorkspaceSession not found in db"]
[4668][1641298074477][scratchpad][error]["ActiveWorkspaceSessionStore: Initial Hydration Failed twice",{"name":"Error","message":"WorkspaceSessionController~getActiveSession: WorkspaceSession not found in db","stack":"Error: WorkspaceSessionController~getActiveSession: WorkspaceSession not found in db\n    at file:///snap/postman/149/usr/share/postman/resources/app/js/vendor-shared.js:306029:35"}]
[4668][1641298074571][scratchpad][info]["NewConsole~boot - Success"]
[4668][1641298074623][scratchpad][info]["APIDevInterface~boot - Success"]
[4668][1641298074706][scratchpad][info]["Updater bailed! Running on Snap!"]
[4668][1641298074740][scratchpad][info]["Attempting to create IPCNode to proxy_node_process"]
[4668][1641298074826][scratchpad][info]["Requester~boot - Success"]
[4668][1641298074855][scratchpad][info]["SharedRuntimeListeners~boot - Success"]
[4668][1641298074873][scratchpad][info]["booted - scratchpad"]
[4668][1641298075654][scratchpad][info]["NavigationService ~ [BROWSER] Transitioning io the initial route with the URL:","home"]
[4668][1641298075943][scratchpad][info]["CloudProxyHandler: Proxy configuration has not been setup"]
[4668][1641298075947][scratchpad][error]["IPCNode~createClient~something wrong connecting to the IPC server",{"errno":"ENOENT","code":"ENOENT","syscall":"connect","address":"/home/mujahid/snap/postman/149/.config/Postman/proxy_node_process_prod.sock","name":"Error","message":"connect ENOENT /home/mujahid/snap/postman/149/.config/Postman/proxy_node_process_prod.sock","stack":"Error: connect ENOENT /home/mujahid/snap/postman/149/.config/Postman/proxy_node_process_prod.sock\n    at PipeConnectWrap.afterConnect [as oncomplete] (net.js:1141:16)"}]
[4668][1641298077346][scratchpad][info]["SessionValidation - Registering listener"]
[4668][1641298077444][scratchpad][info]["UI pulled the session locked information on init"]
