[4668][1641298125990][requester][info]["EventBus~initialize - Success"]
[4668][1641298125993][requester][info]["Messaging~boot - Success"]
[4668][1641298126028][requester][info]["bootCrashReporter~ Success"]
[4668][1641298126030][requester][info]["Telemetry~boot - Success"]
[4668][1641298126031][requester][info]["bootConfigurations~initialize - Success"]
[4668][1641298126035][requester][info]["Settings~boot - Success"]
[4668][1641298126188][requester][info]["bootstrapModels - Success"]
[4668][1641298126189][requester][info]["WLModels~boot - Success"]
[4668][1641298126202][requester][info]["Session~boot - Success"]
[4668][1641298126204][requester][info]["IndependentServices~boot - Success"]
[4668][1641298126215][requester][info]["AppModels~boot - Success"]
[4668][1641298126308][requester][info]["Sync~boot - Success"]
[4668][1641298126328][requester][error]["WorkspaceSessionController~getActiveSession: WorkspaceSession not found in db"]
[4668][1641298126336][requester][error]["ActiveWorkspaceSessionStore: Initial Hydration Failed once"]
[4668][1641298126354][requester][info]["PostUpdateBackup~init: Success"]
[4668][1641298126356][requester][info]["Shared~boot - Success"]
[4668][1641298126357][requester][info]["DBWatcher~boot - Success"]
[4668][1641298126360][requester][info]["ThemeManager~boot - Success"]
[4668][1641298126362][requester][info]["WorkbenchService~boot - Success"]
[4668][1641298126362][requester][info]["ContextBarRegistry~boot - Success"]
[4668][1641298126363][requester][info]["Store~boot - Success"]
[4668][1641298126365][requester][info]["Shortcuts~boot - Success"]
[4668][1641298126388][requester][error]["WorkspaceSessionController~getActiveSession: WorkspaceSession not found in db"]
[4668][1641298126391][requester][error]["ActiveWorkspaceSessionStore: Initial Hydration Failed twice",{"name":"Error","message":"WorkspaceSessionController~getActiveSession: WorkspaceSession not found in db","stack":"Error: WorkspaceSessionController~getActiveSession: WorkspaceSession not found in db\n    at file:///snap/postman/149/usr/share/postman/resources/app/js/vendor-shared.js:306046:33"}]
[4668][1641298126427][requester][info]["NewConsole~boot - Success"]
[4668][1641298126435][requester][info]["APIDevInterface~boot - Success"]
[4668][1641298126446][requester][info]["initializePostV8UpdateCheck: Success"]
[4668][1641298126448][requester][info]["Updater bailed! Running on Snap!"]
[4668][1641298126451][requester][info]["Attempting to create IPCNode to proxy_node_process"]
[4668][1641298126463][requester][info]["Requester~boot - Success"]
[4668][1641298126465][requester][info]["SharedRuntimeListeners~boot - Success"]
[4668][1641298126467][requester][info]["booted - requester"]
[4668][1641298126699][requester][info]["NavigationService ~ [BROWSER] Transitioning io the initial route with the URL:","onboarding/user"]
[4668][1641298126771][requester][info]["CloudProxyHandler: Proxy configuration has not been setup"]
[4668][1641298126773][requester][error]["IPCNode~createClient~something wrong connecting to the IPC server",{"errno":"ENOENT","code":"ENOENT","syscall":"connect","address":"/home/mujahid/snap/postman/149/.config/Postman/proxy_node_process_prod.sock","name":"Error","message":"connect ENOENT /home/mujahid/snap/postman/149/.config/Postman/proxy_node_process_prod.sock","stack":"Error: connect ENOENT /home/mujahid/snap/postman/149/.config/Postman/proxy_node_process_prod.sock\n    at PipeConnectWrap.afterConnect [as oncomplete] (net.js:1141:16)"}]
[4668][1641298127682][requester][info]["SessionValidation - Registering listener"]
[4668][1641298127701][requester][info]["UI pulled the session locked information on init"]
[4668][1641298129758][requester][warn]["GateKeeperService~_handleKeyUpdate: Invalid key type provided",{"type":"flags","value":false}]
[4668][1641298129759][requester][info]["GateKeeperService~onNotificationToggle Key value toggled for Notification to true"]
[4668][1641298129759][requester][info]["GateKeeperService~onSyncToggle Key value toggled for Sync to true"]
[4668][1641298129759][requester][info]["GateKeeperService~onWebsocketToggle Key value toggled for Websocket to true"]
[4668][1641298129761][requester][warn]["SyncManagerNew~attachGateKeeperHandlers: listening to notification event",{"name":"notification","namespace":"gatekeeper","data":{"isEnabled":true}}]
[4668][1641298129762][requester][warn]["SyncManagerNew~attachGateKeeperHandlers: listening to sync event",{"name":"sync","namespace":"gatekeeper","data":{"isEnabled":true}}]
[4668][1641298129762][requester][info]["SyncManagerNew~setSync",true]
[4668][1641298129763][requester][info]["SyncManagerNew~signIn",{"forceConnect":true}]
[4668][1641298129764][requester][warn]["SyncManagerNew~attachGateKeeperHandlers: listening to websocket event",{"name":"websocket","namespace":"gatekeeper","data":{"isEnabled":true}}]
[4668][1641298129765][requester][info]["SyncManagerNew~setSync",true]
[4668][1641298129765][requester][info]["SyncManagerNew~signIn",{"forceConnect":true}]
[4668][1641298129770][requester][info]["SyncManagerNew~createSocket",{"forceConnect":true}]
[4668][1641298129772][requester][info]["SyncManagerNew~createSocket",{"forceConnect":true}]
[4668][1641298129780][requester][info]["SyncManagerNew~createSocket","sailsIO.connect",{"url":"https://bifrost-v4.getpostman.com","opts":{"reconnectionDelay":10000,"reconnectionDelayMax":60000,"reconnectionAttempts":8,"randomizationFactor":0.3}}]
[4668][1641298130898][requester][info]["SyncManagerNew~_onConnect"]
[4668][1641298130906][requester][info]["SyncManagerNew~signIn",{}]
[4668][1641298130929][requester][info]["SyncTimelineHelper: Force stopping all timelines"]
[4668][1641298130930][requester][info]["BaseSyncTimeline~forceStop: Force stop user:19016630"]
[4668][1641298130943][requester][info]["subscribeToTeamEvents: Bailing out as team ID is not available"]
[4668][1641298130954][requester][info]["BaseSyncTimeline~subscribe: Subscribing to real time changes for user:19016630"]
[4668][1641298130955][requester][info]["BaseSyncTimeline~_sync: Starting sync for user:19016630"]
[4668][1641298130963][requester][info]["BaseSyncTimeline~getPendingClientChanges: Starting to get pending changes for user:19016630"]
[4668][1641298130965][requester][info]["BaseSyncTimeline~getPendingClientChanges: Finished to get pending changes for user:19016630"]
[4668][1641298130967][requester][info]["BaseSyncTimeline~getPendingServerChanges: Starting /sync call for user:19016630"]
[4668][1641298131197][requester][error]["Codegen~checkAccess - Error while checking team access: ",{"error":{"name":"invalidPathError","message":"Proxy path you are trying to access is either invalid or not allowed","details":"/access"},"status":400,"headers":{}}]
[4668][1641298131271][requester][info]["BaseSyncTimeline~SyncFinishedObservable: Successful sync proceeding with integrity check and force sync for user:19016630"]
[4668][1641298131272][requester][info]["BaseSyncTimeline~_handleForceSync: Bailing out of force sync for user:19016630"]
[4668][1641298162490][requester][info]["bootMigrationFirmware~initializeMigrationFirmware : started"]
[4668][1641298162492][requester][info]["bootMigrationFirmware~getFirmwareWebview : partition string created","persist:d1cd5087-3845-4b2a-a7e0-5868a4e761e2"]
[4668][1641298162493][requester][info]["bootMigrationFirmware~getFirmwareWebview : webview created"]
[4668][1641298162510][requester][info]["bootMigrationFirmware~getLocalStorageAdapter : getting local storage adapter"]
[4668][1641298163691][requester][info]["bootMigrationFirmware~bootstrapORM : webview dom-ready"]
[4668][1641298163693][requester][info]["bootMigrationFirmware~bootstrapORM : started"]
[4668][1641298163771][requester][info]["bootMigrationFirmware~bootstrapORM- Success"]
[4668][1641298163889][requester][info]["ScratchpadSetupModal~showModal : No data present in scratchpad"]
[4668][1641298187725][requester][info]["BaseSyncTimeline~subscribe: Subscribing to real time changes for workspace:f281c8cc-3335-46f8-83ba-f960a193f036"]
[4668][1641298187726][requester][info]["BaseSyncTimeline~_sync: Starting sync for workspace:f281c8cc-3335-46f8-83ba-f960a193f036"]
[4668][1641298187729][requester][info]["BaseSyncTimeline~getPendingClientChanges: Starting to get pending changes for workspace:f281c8cc-3335-46f8-83ba-f960a193f036"]
[4668][1641298187730][requester][info]["BaseSyncTimeline~getPendingClientChanges: Finished to get pending changes for workspace:f281c8cc-3335-46f8-83ba-f960a193f036"]
[4668][1641298187733][requester][info]["BaseSyncTimeline~getPendingServerChanges: Starting /sync call for workspace:f281c8cc-3335-46f8-83ba-f960a193f036"]
[4668][1641298188156][requester][info]["BaseSyncTimeline~getPendingServerChanges: Finished /sync call for workspace:f281c8cc-3335-46f8-83ba-f960a193f036"]
[4668][1641298188161][requester][info]["BaseSyncTimeline~processServerChange: Started processing changeset for workspace:create:f281c8cc-3335-46f8-83ba-f960a193f036 Timeline:workspace:f281c8cc-3335-46f8-83ba-f960a193f036"]
[4668][1641298188171][requester][info]["BaseSyncTimeline~processServerChange: Finished processing changeset for workspace:create:f281c8cc-3335-46f8-83ba-f960a193f036 Timeline:workspace:f281c8cc-3335-46f8-83ba-f960a193f036"]
[4668][1641298188171][requester][info]["BaseSyncTimeline~processServerChange: Started processing changeset for globals:create:5e1dbc9b-e5b4-4956-8cba-69cd043ce85c Timeline:workspace:f281c8cc-3335-46f8-83ba-f960a193f036"]
[4668][1641298188214][requester][info]["BaseSyncTimeline~processServerChange: Finished processing changeset for globals:create:5e1dbc9b-e5b4-4956-8cba-69cd043ce85c Timeline:workspace:f281c8cc-3335-46f8-83ba-f960a193f036"]
[4668][1641298188243][requester][info]["BaseSyncTimeline~SyncFinishedObservable: Successful sync proceeding with integrity check and force sync for workspace:f281c8cc-3335-46f8-83ba-f960a193f036"]
[4668][1641298188243][requester][info]["BaseSyncTimeline~_handleForceSync: Bailing out of force sync for workspace:f281c8cc-3335-46f8-83ba-f960a193f036"]
[4668][1641298188875][requester][error]["CommentsContributor~fetchRequestCommentsCount: Failed to fetch comments count"]
[4668][1641298210446][requester][info]["RealtimeSyncMessageService~publishRealtimeOutgoingMessage: Message received history:import:7ee444d5-fa80-4722-9963-e72379c6e3b8 Timeline in message: workspace:f281c8cc-3335-46f8-83ba-f960a193f036"]
[4668][1641298210447][requester][info]["BaseSyncTimeline~getPendingClientChanges: Starting to get pending changes for workspace:f281c8cc-3335-46f8-83ba-f960a193f036"]
[4668][1641298210468][requester][info]["BaseSyncTimeline~getPendingClientChanges: Finished to get pending changes for workspace:f281c8cc-3335-46f8-83ba-f960a193f036"]
[4668][1641298210470][requester][info]["BaseSyncTimeline~processClientChangesObservable: Started sending changeset for history:import:7ee444d5-fa80-4722-9963-e72379c6e3b8 Timeline:workspace:f281c8cc-3335-46f8-83ba-f960a193f036"]
[4668][1641298210815][requester][info]["BaseSyncTimeline~processClientChangesObservable: Success for sending changeset for history:import:7ee444d5-fa80-4722-9963-e72379c6e3b8 Timeline:workspace:f281c8cc-3335-46f8-83ba-f960a193f036"]
[4668][1641298212580][requester][info]["RealtimeSyncMessageService~publishRealtimeOutgoingMessage: Message received historyresponse:import:01e7fd43-0b78-49cf-8ac3-b15754652953 Timeline in message: workspace:f281c8cc-3335-46f8-83ba-f960a193f036"]
[4668][1641298212581][requester][info]["BaseSyncTimeline~getPendingClientChanges: Starting to get pending changes for workspace:f281c8cc-3335-46f8-83ba-f960a193f036"]
[4668][1641298212594][requester][info]["BaseSyncTimeline~getPendingClientChanges: Finished to get pending changes for workspace:f281c8cc-3335-46f8-83ba-f960a193f036"]
[4668][1641298212594][requester][info]["BaseSyncTimeline~processClientChangesObservable: Started sending changeset for historyresponse:import:01e7fd43-0b78-49cf-8ac3-b15754652953 Timeline:workspace:f281c8cc-3335-46f8-83ba-f960a193f036"]
[4668][1641298213030][requester][info]["BaseSyncTimeline~processClientChangesObservable: Success for sending changeset for historyresponse:import:01e7fd43-0b78-49cf-8ac3-b15754652953 Timeline:workspace:f281c8cc-3335-46f8-83ba-f960a193f036"]
[4668][1641298270629][requester][info]["RealtimeSyncMessageService~publishRealtimeOutgoingMessage: Message received history:import:4de3a2c0-889b-4c82-b864-57f3018a393c Timeline in message: workspace:f281c8cc-3335-46f8-83ba-f960a193f036"]
[4668][1641298270630][requester][info]["BaseSyncTimeline~getPendingClientChanges: Starting to get pending changes for workspace:f281c8cc-3335-46f8-83ba-f960a193f036"]
[4668][1641298270646][requester][info]["BaseSyncTimeline~getPendingClientChanges: Finished to get pending changes for workspace:f281c8cc-3335-46f8-83ba-f960a193f036"]
[4668][1641298270647][requester][info]["BaseSyncTimeline~processClientChangesObservable: Started sending changeset for history:import:4de3a2c0-889b-4c82-b864-57f3018a393c Timeline:workspace:f281c8cc-3335-46f8-83ba-f960a193f036"]
[4668][1641298270962][requester][info]["BaseSyncTimeline~processClientChangesObservable: Success for sending changeset for history:import:4de3a2c0-889b-4c82-b864-57f3018a393c Timeline:workspace:f281c8cc-3335-46f8-83ba-f960a193f036"]
[4668][1641298274969][requester][info]["RealtimeSyncMessageService~publishRealtimeOutgoingMessage: Message received historyresponse:import:998dc3f8-74c6-407e-ba67-608d7f060ef0 Timeline in message: workspace:f281c8cc-3335-46f8-83ba-f960a193f036"]
[4668][1641298274969][requester][info]["BaseSyncTimeline~getPendingClientChanges: Starting to get pending changes for workspace:f281c8cc-3335-46f8-83ba-f960a193f036"]
[4668][1641298274973][requester][info]["BaseSyncTimeline~getPendingClientChanges: Finished to get pending changes for workspace:f281c8cc-3335-46f8-83ba-f960a193f036"]
[4668][1641298274974][requester][info]["BaseSyncTimeline~processClientChangesObservable: Started sending changeset for historyresponse:import:998dc3f8-74c6-407e-ba67-608d7f060ef0 Timeline:workspace:f281c8cc-3335-46f8-83ba-f960a193f036"]
[4668][1641298275267][requester][info]["BaseSyncTimeline~processClientChangesObservable: Success for sending changeset for historyresponse:import:998dc3f8-74c6-407e-ba67-608d7f060ef0 Timeline:workspace:f281c8cc-3335-46f8-83ba-f960a193f036"]
[4668][1641298364193][requester][info]["RealtimeSyncMessageService~publishRealtimeOutgoingMessage: Message received history:import:a0f2fba2-45b9-424b-b64f-424cb2033f25 Timeline in message: workspace:f281c8cc-3335-46f8-83ba-f960a193f036"]
[4668][1641298364197][requester][info]["BaseSyncTimeline~getPendingClientChanges: Starting to get pending changes for workspace:f281c8cc-3335-46f8-83ba-f960a193f036"]
[4668][1641298364223][requester][info]["BaseSyncTimeline~getPendingClientChanges: Finished to get pending changes for workspace:f281c8cc-3335-46f8-83ba-f960a193f036"]
[4668][1641298364225][requester][info]["BaseSyncTimeline~processClientChangesObservable: Started sending changeset for history:import:a0f2fba2-45b9-424b-b64f-424cb2033f25 Timeline:workspace:f281c8cc-3335-46f8-83ba-f960a193f036"]
[4668][1641298364695][requester][info]["BaseSyncTimeline~processClientChangesObservable: Success for sending changeset for history:import:a0f2fba2-45b9-424b-b64f-424cb2033f25 Timeline:workspace:f281c8cc-3335-46f8-83ba-f960a193f036"]
[4668][1641298364711][requester][info]["RealtimeSyncMessageService~publishRealtimeOutgoingMessage: Message received historyresponse:import:9709bcb1-953f-4ea1-87ed-ebd83796ae44 Timeline in message: workspace:f281c8cc-3335-46f8-83ba-f960a193f036"]
[4668][1641298364711][requester][info]["BaseSyncTimeline~getPendingClientChanges: Starting to get pending changes for workspace:f281c8cc-3335-46f8-83ba-f960a193f036"]
[4668][1641298364715][requester][info]["BaseSyncTimeline~getPendingClientChanges: Finished to get pending changes for workspace:f281c8cc-3335-46f8-83ba-f960a193f036"]
[4668][1641298364716][requester][info]["BaseSyncTimeline~processClientChangesObservable: Started sending changeset for historyresponse:import:9709bcb1-953f-4ea1-87ed-ebd83796ae44 Timeline:workspace:f281c8cc-3335-46f8-83ba-f960a193f036"]
[4668][1641298365061][requester][info]["BaseSyncTimeline~processClientChangesObservable: Success for sending changeset for historyresponse:import:9709bcb1-953f-4ea1-87ed-ebd83796ae44 Timeline:workspace:f281c8cc-3335-46f8-83ba-f960a193f036"]
[4668][1641298384528][requester][error]["CodeCBView~handleCodeTypeSelect - Error: CodeGeneratorExperimental~getOptions: Incorrect Parameters."]
[4668][1641298498083][requester][info]["RealtimeSyncMessageService~publishRealtimeOutgoingMessage: Message received history:import:dbd630b8-d662-4831-9747-a5cc1f634a8b Timeline in message: workspace:f281c8cc-3335-46f8-83ba-f960a193f036"]
[4668][1641298498086][requester][info]["BaseSyncTimeline~getPendingClientChanges: Starting to get pending changes for workspace:f281c8cc-3335-46f8-83ba-f960a193f036"]
[4668][1641298498107][requester][info]["BaseSyncTimeline~getPendingClientChanges: Finished to get pending changes for workspace:f281c8cc-3335-46f8-83ba-f960a193f036"]
[4668][1641298498109][requester][info]["BaseSyncTimeline~processClientChangesObservable: Started sending changeset for history:import:dbd630b8-d662-4831-9747-a5cc1f634a8b Timeline:workspace:f281c8cc-3335-46f8-83ba-f960a193f036"]
[4668][1641298498437][requester][info]["BaseSyncTimeline~processClientChangesObservable: Success for sending changeset for history:import:dbd630b8-d662-4831-9747-a5cc1f634a8b Timeline:workspace:f281c8cc-3335-46f8-83ba-f960a193f036"]
[4668][1641298498779][requester][info]["RealtimeSyncMessageService~publishRealtimeOutgoingMessage: Message received historyresponse:import:2d5a3944-2294-4494-8bf2-a2b2b273451d Timeline in message: workspace:f281c8cc-3335-46f8-83ba-f960a193f036"]
[4668][1641298498779][requester][info]["BaseSyncTimeline~getPendingClientChanges: Starting to get pending changes for workspace:f281c8cc-3335-46f8-83ba-f960a193f036"]
[4668][1641298498788][requester][info]["BaseSyncTimeline~getPendingClientChanges: Finished to get pending changes for workspace:f281c8cc-3335-46f8-83ba-f960a193f036"]
[4668][1641298498788][requester][info]["BaseSyncTimeline~processClientChangesObservable: Started sending changeset for historyresponse:import:2d5a3944-2294-4494-8bf2-a2b2b273451d Timeline:workspace:f281c8cc-3335-46f8-83ba-f960a193f036"]
[4668][1641298499244][requester][info]["BaseSyncTimeline~processClientChangesObservable: Success for sending changeset for historyresponse:import:2d5a3944-2294-4494-8bf2-a2b2b273451d Timeline:workspace:f281c8cc-3335-46f8-83ba-f960a193f036"]
[4668][1641298530585][requester][info]["RealtimeSyncMessageService~publishRealtimeOutgoingMessage: Message received history:import:83181a0d-3a23-492b-932b-76ad472687b3 Timeline in message: workspace:f281c8cc-3335-46f8-83ba-f960a193f036"]
[4668][1641298530586][requester][info]["BaseSyncTimeline~getPendingClientChanges: Starting to get pending changes for workspace:f281c8cc-3335-46f8-83ba-f960a193f036"]
[4668][1641298530602][requester][info]["BaseSyncTimeline~getPendingClientChanges: Finished to get pending changes for workspace:f281c8cc-3335-46f8-83ba-f960a193f036"]
[4668][1641298530602][requester][info]["BaseSyncTimeline~processClientChangesObservable: Started sending changeset for history:import:83181a0d-3a23-492b-932b-76ad472687b3 Timeline:workspace:f281c8cc-3335-46f8-83ba-f960a193f036"]
[4668][1641298530928][requester][info]["BaseSyncTimeline~processClientChangesObservable: Success for sending changeset for history:import:83181a0d-3a23-492b-932b-76ad472687b3 Timeline:workspace:f281c8cc-3335-46f8-83ba-f960a193f036"]
[4668][1641298530949][requester][info]["RealtimeSyncMessageService~publishRealtimeOutgoingMessage: Message received historyresponse:import:2018d839-4f08-47c9-a4ad-ffa828d29224 Timeline in message: workspace:f281c8cc-3335-46f8-83ba-f960a193f036"]
[4668][1641298530949][requester][info]["BaseSyncTimeline~getPendingClientChanges: Starting to get pending changes for workspace:f281c8cc-3335-46f8-83ba-f960a193f036"]
[4668][1641298530956][requester][info]["BaseSyncTimeline~getPendingClientChanges: Finished to get pending changes for workspace:f281c8cc-3335-46f8-83ba-f960a193f036"]
[4668][1641298530956][requester][info]["BaseSyncTimeline~processClientChangesObservable: Started sending changeset for historyresponse:import:2018d839-4f08-47c9-a4ad-ffa828d29224 Timeline:workspace:f281c8cc-3335-46f8-83ba-f960a193f036"]
[4668][1641298531255][requester][info]["BaseSyncTimeline~processClientChangesObservable: Success for sending changeset for historyresponse:import:2018d839-4f08-47c9-a4ad-ffa828d29224 Timeline:workspace:f281c8cc-3335-46f8-83ba-f960a193f036"]
[4668][1641298551201][requester][info]["RealtimeSyncMessageService~publishRealtimeOutgoingMessage: Message received history:import:9c60bf4c-2eae-4db0-aa33-79a2f5233ed9 Timeline in message: workspace:f281c8cc-3335-46f8-83ba-f960a193f036"]
[4668][1641298551203][requester][info]["BaseSyncTimeline~getPendingClientChanges: Starting to get pending changes for workspace:f281c8cc-3335-46f8-83ba-f960a193f036"]
[4668][1641298551212][requester][info]["BaseSyncTimeline~getPendingClientChanges: Finished to get pending changes for workspace:f281c8cc-3335-46f8-83ba-f960a193f036"]
[4668][1641298551214][requester][info]["BaseSyncTimeline~processClientChangesObservable: Started sending changeset for history:import:9c60bf4c-2eae-4db0-aa33-79a2f5233ed9 Timeline:workspace:f281c8cc-3335-46f8-83ba-f960a193f036"]
[4668][1641298551589][requester][info]["RealtimeSyncMessageService~publishRealtimeOutgoingMessage: Message received historyresponse:import:b58e2e3f-ab6b-47da-a24d-e0724c5124a3 Timeline in message: workspace:f281c8cc-3335-46f8-83ba-f960a193f036"]
[4668][1641298551986][requester][info]["BaseSyncTimeline~processClientChangesObservable: Success for sending changeset for history:import:9c60bf4c-2eae-4db0-aa33-79a2f5233ed9 Timeline:workspace:f281c8cc-3335-46f8-83ba-f960a193f036"]
[4668][1641298551988][requester][info]["BaseSyncTimeline~getPendingClientChanges: Starting to get pending changes for workspace:f281c8cc-3335-46f8-83ba-f960a193f036"]
[4668][1641298551994][requester][info]["BaseSyncTimeline~getPendingClientChanges: Finished to get pending changes for workspace:f281c8cc-3335-46f8-83ba-f960a193f036"]
[4668][1641298551994][requester][info]["BaseSyncTimeline~processClientChangesObservable: Started sending changeset for historyresponse:import:b58e2e3f-ab6b-47da-a24d-e0724c5124a3 Timeline:workspace:f281c8cc-3335-46f8-83ba-f960a193f036"]
[4668][1641298552433][requester][info]["BaseSyncTimeline~processClientChangesObservable: Success for sending changeset for historyresponse:import:b58e2e3f-ab6b-47da-a24d-e0724c5124a3 Timeline:workspace:f281c8cc-3335-46f8-83ba-f960a193f036"]
[4668][1641298587361][requester][info]["RealtimeSyncMessageService~publishRealtimeOutgoingMessage: Message received history:import:2d17b390-6c7c-4613-abf9-9fefb1665c6c Timeline in message: workspace:f281c8cc-3335-46f8-83ba-f960a193f036"]
[4668][1641298587362][requester][info]["BaseSyncTimeline~getPendingClientChanges: Starting to get pending changes for workspace:f281c8cc-3335-46f8-83ba-f960a193f036"]
[4668][1641298587374][requester][info]["BaseSyncTimeline~getPendingClientChanges: Finished to get pending changes for workspace:f281c8cc-3335-46f8-83ba-f960a193f036"]
[4668][1641298587375][requester][info]["BaseSyncTimeline~processClientChangesObservable: Started sending changeset for history:import:2d17b390-6c7c-4613-abf9-9fefb1665c6c Timeline:workspace:f281c8cc-3335-46f8-83ba-f960a193f036"]
[4668][1641298587707][requester][info]["RealtimeSyncMessageService~publishRealtimeOutgoingMessage: Message received historyresponse:import:a076b067-8c37-4516-a10c-37a8791d9cfe Timeline in message: workspace:f281c8cc-3335-46f8-83ba-f960a193f036"]
[4668][1641298587754][requester][info]["BaseSyncTimeline~processClientChangesObservable: Success for sending changeset for history:import:2d17b390-6c7c-4613-abf9-9fefb1665c6c Timeline:workspace:f281c8cc-3335-46f8-83ba-f960a193f036"]
[4668][1641298587756][requester][info]["BaseSyncTimeline~getPendingClientChanges: Starting to get pending changes for workspace:f281c8cc-3335-46f8-83ba-f960a193f036"]
[4668][1641298587765][requester][info]["BaseSyncTimeline~getPendingClientChanges: Finished to get pending changes for workspace:f281c8cc-3335-46f8-83ba-f960a193f036"]
[4668][1641298587765][requester][info]["BaseSyncTimeline~processClientChangesObservable: Started sending changeset for historyresponse:import:a076b067-8c37-4516-a10c-37a8791d9cfe Timeline:workspace:f281c8cc-3335-46f8-83ba-f960a193f036"]
[4668][1641298588084][requester][info]["BaseSyncTimeline~processClientChangesObservable: Success for sending changeset for historyresponse:import:a076b067-8c37-4516-a10c-37a8791d9cfe Timeline:workspace:f281c8cc-3335-46f8-83ba-f960a193f036"]
[4668][1641298611747][requester][info]["RealtimeSyncMessageService~publishRealtimeOutgoingMessage: Message received history:import:9ef95a63-dd19-4fbc-9626-fe78c66908f3 Timeline in message: workspace:f281c8cc-3335-46f8-83ba-f960a193f036"]
[4668][1641298611747][requester][info]["BaseSyncTimeline~getPendingClientChanges: Starting to get pending changes for workspace:f281c8cc-3335-46f8-83ba-f960a193f036"]
[4668][1641298611761][requester][info]["BaseSyncTimeline~getPendingClientChanges: Finished to get pending changes for workspace:f281c8cc-3335-46f8-83ba-f960a193f036"]
[4668][1641298611762][requester][info]["BaseSyncTimeline~processClientChangesObservable: Started sending changeset for history:import:9ef95a63-dd19-4fbc-9626-fe78c66908f3 Timeline:workspace:f281c8cc-3335-46f8-83ba-f960a193f036"]
[4668][1641298612158][requester][info]["RealtimeSyncMessageService~publishRealtimeOutgoingMessage: Message received historyresponse:import:9fb14ace-a6fd-4ff1-8fae-aa3744c3b38a Timeline in message: workspace:f281c8cc-3335-46f8-83ba-f960a193f036"]
[4668][1641298612165][requester][info]["BaseSyncTimeline~processClientChangesObservable: Success for sending changeset for history:import:9ef95a63-dd19-4fbc-9626-fe78c66908f3 Timeline:workspace:f281c8cc-3335-46f8-83ba-f960a193f036"]
[4668][1641298612167][requester][info]["BaseSyncTimeline~getPendingClientChanges: Starting to get pending changes for workspace:f281c8cc-3335-46f8-83ba-f960a193f036"]
[4668][1641298612177][requester][info]["BaseSyncTimeline~getPendingClientChanges: Finished to get pending changes for workspace:f281c8cc-3335-46f8-83ba-f960a193f036"]
[4668][1641298612177][requester][info]["BaseSyncTimeline~processClientChangesObservable: Started sending changeset for historyresponse:import:9fb14ace-a6fd-4ff1-8fae-aa3744c3b38a Timeline:workspace:f281c8cc-3335-46f8-83ba-f960a193f036"]
[4668][1641298612480][requester][info]["BaseSyncTimeline~processClientChangesObservable: Success for sending changeset for historyresponse:import:9fb14ace-a6fd-4ff1-8fae-aa3744c3b38a Timeline:workspace:f281c8cc-3335-46f8-83ba-f960a193f036"]
[4668][1641298634633][requester][error]["CodeCBView~handleCodeTypeSelect - Error: CodeGeneratorExperimental~getOptions: Incorrect Parameters."]
[4668][1641298909428][requester][info]["RealtimeSyncMessageService~publishRealtimeOutgoingMessage: Message received history:import:b8d9de82-a0fb-4167-ae8b-54eebb2ca7f8 Timeline in message: workspace:f281c8cc-3335-46f8-83ba-f960a193f036"]
[4668][1641298909429][requester][info]["BaseSyncTimeline~getPendingClientChanges: Starting to get pending changes for workspace:f281c8cc-3335-46f8-83ba-f960a193f036"]
[4668][1641298909441][requester][info]["BaseSyncTimeline~getPendingClientChanges: Finished to get pending changes for workspace:f281c8cc-3335-46f8-83ba-f960a193f036"]
[4668][1641298909441][requester][info]["BaseSyncTimeline~processClientChangesObservable: Started sending changeset for history:import:b8d9de82-a0fb-4167-ae8b-54eebb2ca7f8 Timeline:workspace:f281c8cc-3335-46f8-83ba-f960a193f036"]
[4668][1641298909790][requester][info]["BaseSyncTimeline~processClientChangesObservable: Success for sending changeset for history:import:b8d9de82-a0fb-4167-ae8b-54eebb2ca7f8 Timeline:workspace:f281c8cc-3335-46f8-83ba-f960a193f036"]
[4668][1641298909840][requester][info]["RealtimeSyncMessageService~publishRealtimeOutgoingMessage: Message received historyresponse:import:2b8b4a52-5084-4066-95af-c8d1443b92fd Timeline in message: workspace:f281c8cc-3335-46f8-83ba-f960a193f036"]
[4668][1641298909841][requester][info]["BaseSyncTimeline~getPendingClientChanges: Starting to get pending changes for workspace:f281c8cc-3335-46f8-83ba-f960a193f036"]
[4668][1641298909961][requester][info]["BaseSyncTimeline~getPendingClientChanges: Finished to get pending changes for workspace:f281c8cc-3335-46f8-83ba-f960a193f036"]
[4668][1641298909962][requester][info]["BaseSyncTimeline~processClientChangesObservable: Started sending changeset for historyresponse:import:2b8b4a52-5084-4066-95af-c8d1443b92fd Timeline:workspace:f281c8cc-3335-46f8-83ba-f960a193f036"]
[4668][1641298910403][requester][info]["BaseSyncTimeline~processClientChangesObservable: Success for sending changeset for historyresponse:import:2b8b4a52-5084-4066-95af-c8d1443b92fd Timeline:workspace:f281c8cc-3335-46f8-83ba-f960a193f036"]
[4668][1641299548174][requester][info]["RealtimeSyncMessageService~publishRealtimeOutgoingMessage: Message received history:import:c954a9e4-c1c5-4f3b-885f-b6944a7f6d6d Timeline in message: workspace:f281c8cc-3335-46f8-83ba-f960a193f036"]
[4668][1641299548175][requester][info]["BaseSyncTimeline~getPendingClientChanges: Starting to get pending changes for workspace:f281c8cc-3335-46f8-83ba-f960a193f036"]
[4668][1641299548183][requester][info]["BaseSyncTimeline~getPendingClientChanges: Finished to get pending changes for workspace:f281c8cc-3335-46f8-83ba-f960a193f036"]
[4668][1641299548183][requester][info]["BaseSyncTimeline~processClientChangesObservable: Started sending changeset for history:import:c954a9e4-c1c5-4f3b-885f-b6944a7f6d6d Timeline:workspace:f281c8cc-3335-46f8-83ba-f960a193f036"]
[4668][1641299548524][requester][info]["RealtimeSyncMessageService~publishRealtimeOutgoingMessage: Message received historyresponse:import:0618801c-fab4-4d90-939c-801dc4f82eb4 Timeline in message: workspace:f281c8cc-3335-46f8-83ba-f960a193f036"]
[4668][1641299548666][requester][info]["BaseSyncTimeline~processClientChangesObservable: Success for sending changeset for history:import:c954a9e4-c1c5-4f3b-885f-b6944a7f6d6d Timeline:workspace:f281c8cc-3335-46f8-83ba-f960a193f036"]
[4668][1641299548669][requester][info]["BaseSyncTimeline~getPendingClientChanges: Starting to get pending changes for workspace:f281c8cc-3335-46f8-83ba-f960a193f036"]
[4668][1641299548677][requester][info]["BaseSyncTimeline~getPendingClientChanges: Finished to get pending changes for workspace:f281c8cc-3335-46f8-83ba-f960a193f036"]
[4668][1641299548677][requester][info]["BaseSyncTimeline~processClientChangesObservable: Started sending changeset for historyresponse:import:0618801c-fab4-4d90-939c-801dc4f82eb4 Timeline:workspace:f281c8cc-3335-46f8-83ba-f960a193f036"]
[4668][1641299548969][requester][info]["BaseSyncTimeline~processClientChangesObservable: Success for sending changeset for historyresponse:import:0618801c-fab4-4d90-939c-801dc4f82eb4 Timeline:workspace:f281c8cc-3335-46f8-83ba-f960a193f036"]
[4668][1641301002306][requester][info]["SyncManagerNew~_onDisconnect"]
[4668][1641301126328][requester][info]["SyncManagerNew~createSocket",{"connectionMode":"watchdog"}]
[4668][1641301126343][requester][info]["SyncManagerNew~_onConnectError",{"type":"TransportError","description":{"isTrusted":true},"name":"Error","message":"websocket error","stack":"Error: websocket error\n    at WS.8626.Transport.onError (file:///snap/postman/149/usr/share/postman/resources/app/js/requester.js:68994:13)\n    at WebSocket.ws.onerror (file:///snap/postman/149/usr/share/postman/resources/app/js/requester.js:70338:10)"}]
[4668][1641301126345][requester][info]["SyncManagerNew~_onReconnectScheduled",9816,1]
[4668][1641301136161][requester][info]["SyncManagerNew~_onReconnectAttempt"]
[4668][1641301136163][requester][info]["SyncManagerNew~_onReconnecting",1]
[4668][1641301136171][requester][info]["SyncManagerNew~_onConnectError",{"type":"TransportError","description":{"isTrusted":true},"name":"Error","message":"websocket error","stack":"Error: websocket error\n    at WS.8626.Transport.onError (file:///snap/postman/149/usr/share/postman/resources/app/js/requester.js:68994:13)\n    at WebSocket.ws.onerror (file:///snap/postman/149/usr/share/postman/resources/app/js/requester.js:70338:10)"}]
[4668][1641301136172][requester][info]["SyncManagerNew~_onReconnectFailed"]
[4668][1641301136174][requester][info]["SyncManagerNew~_onReconnectError",{"type":"TransportError","description":{"isTrusted":true},"name":"Error","message":"websocket error","stack":"Error: websocket error\n    at WS.8626.Transport.onError (file:///snap/postman/149/usr/share/postman/resources/app/js/requester.js:68994:13)\n    at WebSocket.ws.onerror (file:///snap/postman/149/usr/share/postman/resources/app/js/requester.js:70338:10)"}]
[4668][1641301726328][requester][info]["SyncManagerNew~createSocket",{"connectionMode":"watchdog"}]
[4668][1641301726340][requester][info]["SyncManagerNew~_onConnectError",{"type":"TransportError","description":{"isTrusted":true},"name":"Error","message":"websocket error","stack":"Error: websocket error\n    at WS.8626.Transport.onError (file:///snap/postman/149/usr/share/postman/resources/app/js/requester.js:68994:13)\n    at WebSocket.ws.onerror (file:///snap/postman/149/usr/share/postman/resources/app/js/requester.js:70338:10)"}]
[4668][1641301726341][requester][info]["SyncManagerNew~_onReconnectScheduled",11175,1]
[4668][1641301737516][requester][info]["SyncManagerNew~_onReconnectAttempt"]
[4668][1641301737518][requester][info]["SyncManagerNew~_onReconnecting",1]
[4668][1641301737526][requester][info]["SyncManagerNew~_onConnectError",{"type":"TransportError","description":{"isTrusted":true},"name":"Error","message":"websocket error","stack":"Error: websocket error\n    at WS.8626.Transport.onError (file:///snap/postman/149/usr/share/postman/resources/app/js/requester.js:68994:13)\n    at WebSocket.ws.onerror (file:///snap/postman/149/usr/share/postman/resources/app/js/requester.js:70338:10)"}]
[4668][1641301737527][requester][info]["SyncManagerNew~_onReconnectFailed"]
[4668][1641301737529][requester][info]["SyncManagerNew~_onReconnectError",{"type":"TransportError","description":{"isTrusted":true},"name":"Error","message":"websocket error","stack":"Error: websocket error\n    at WS.8626.Transport.onError (file:///snap/postman/149/usr/share/postman/resources/app/js/requester.js:68994:13)\n    at WebSocket.ws.onerror (file:///snap/postman/149/usr/share/postman/resources/app/js/requester.js:70338:10)"}]
[4668][1641302326328][requester][info]["SyncManagerNew~createSocket",{"connectionMode":"watchdog"}]
[4668][1641302326339][requester][info]["SyncManagerNew~_onConnectError",{"type":"TransportError","description":{"isTrusted":true},"name":"Error","message":"websocket error","stack":"Error: websocket error\n    at WS.8626.Transport.onError (file:///snap/postman/149/usr/share/postman/resources/app/js/requester.js:68994:13)\n    at WebSocket.ws.onerror (file:///snap/postman/149/usr/share/postman/resources/app/js/requester.js:70338:10)"}]
[4668][1641302326341][requester][info]["SyncManagerNew~_onReconnectScheduled",9864,1]
[4668][1641302336204][requester][info]["SyncManagerNew~_onReconnectAttempt"]
[4668][1641302336206][requester][info]["SyncManagerNew~_onReconnecting",1]
[4668][1641302336214][requester][info]["SyncManagerNew~_onConnectError",{"type":"TransportError","description":{"isTrusted":true},"name":"Error","message":"websocket error","stack":"Error: websocket error\n    at WS.8626.Transport.onError (file:///snap/postman/149/usr/share/postman/resources/app/js/requester.js:68994:13)\n    at WebSocket.ws.onerror (file:///snap/postman/149/usr/share/postman/resources/app/js/requester.js:70338:10)"}]
[4668][1641302336214][requester][info]["SyncManagerNew~_onReconnectFailed"]
[4668][1641302336216][requester][info]["SyncManagerNew~_onReconnectError",{"type":"TransportError","description":{"isTrusted":true},"name":"Error","message":"websocket error","stack":"Error: websocket error\n    at WS.8626.Transport.onError (file:///snap/postman/149/usr/share/postman/resources/app/js/requester.js:68994:13)\n    at WebSocket.ws.onerror (file:///snap/postman/149/usr/share/postman/resources/app/js/requester.js:70338:10)"}]
[4668][1641302670223][requester][info]["SyncManagerNew~createSocket",{"forceConnect":true}]
[4668][1641302671839][requester][info]["SyncManagerNew~_onConnect"]
[4668][1641302671947][requester][info]["SyncManagerNew~signIn",{}]
[4668][1641302671981][requester][info]["SyncTimelineHelper: Force stopping all timelines"]
[4668][1641302671981][requester][info]["BaseSyncTimeline~forceStop: Force stop user:19016630"]
[4668][1641302671987][requester][info]["BaseSyncTimeline~forceStop: Force stop workspace:f281c8cc-3335-46f8-83ba-f960a193f036"]
[4668][1641302672006][requester][info]["subscribeToTeamEvents: Bailing out as team ID is not available"]
[4668][1641302672017][requester][info]["BaseSyncTimeline~subscribe: Subscribing to real time changes for user:19016630"]
[4668][1641302672017][requester][info]["BaseSyncTimeline~_sync: Starting sync for user:19016630"]
[4668][1641302672017][requester][info]["BaseSyncTimeline~subscribe: Subscribing to real time changes for workspace:f281c8cc-3335-46f8-83ba-f960a193f036"]
[4668][1641302672018][requester][info]["BaseSyncTimeline~_sync: Starting sync for workspace:f281c8cc-3335-46f8-83ba-f960a193f036"]
[4668][1641302672020][requester][info]["BaseSyncTimeline~getPendingClientChanges: Starting to get pending changes for user:19016630"]
[4668][1641302672021][requester][info]["BaseSyncTimeline~getPendingClientChanges: Finished to get pending changes for user:19016630"]
[4668][1641302672023][requester][info]["BaseSyncTimeline~getPendingServerChanges: Starting /sync call for user:19016630"]
[4668][1641302672025][requester][info]["BaseSyncTimeline~getPendingClientChanges: Starting to get pending changes for workspace:f281c8cc-3335-46f8-83ba-f960a193f036"]
[4668][1641302672025][requester][info]["BaseSyncTimeline~getPendingClientChanges: Finished to get pending changes for workspace:f281c8cc-3335-46f8-83ba-f960a193f036"]
[4668][1641302672027][requester][info]["BaseSyncTimeline~getPendingServerChanges: Starting /sync call for workspace:f281c8cc-3335-46f8-83ba-f960a193f036"]
[4668][1641302672250][requester][error]["Codegen~checkAccess - Error while checking team access: ",{"error":{"name":"invalidPathError","message":"Proxy path you are trying to access is either invalid or not allowed","details":"/access"},"status":400,"headers":{}}]
[4668][1641302672362][requester][info]["BaseSyncTimeline~SyncFinishedObservable: Successful sync proceeding with integrity check and force sync for user:19016630"]
[4668][1641302672362][requester][info]["BaseSyncTimeline~handleIntegrityChecks: Starting integrity check for user:19016630"]
[4668][1641302672387][requester][info]["BaseSyncTimeline~SyncFinishedObservable: Successful sync proceeding with integrity check and force sync for workspace:f281c8cc-3335-46f8-83ba-f960a193f036"]
[4668][1641302672387][requester][info]["BaseSyncTimeline~handleIntegrityChecks: Starting integrity check for workspace:f281c8cc-3335-46f8-83ba-f960a193f036"]
[4668][1641302672690][requester][info]["BaseSyncTimeline~handleIntegrityChecks: Finished integrity check for user:19016630"]
[4668][1641302672691][requester][info]["BaseSyncTimeline~_handleForceSync: Bailing out of force sync for user:19016630"]
[4668][1641302672699][requester][info]["BaseSyncTimeline~handleIntegrityChecks: Finished integrity check for workspace:f281c8cc-3335-46f8-83ba-f960a193f036"]
[4668][1641302672700][requester][info]["BaseSyncTimeline~_handleForceSync: Bailing out of force sync for workspace:f281c8cc-3335-46f8-83ba-f960a193f036"]
[4668][1641326147067][requester][info]["SyncManagerNew~_onDisconnect"]
[4668][1641327569557][requester][info]["SyncManagerNew~createSocket",{"forceConnect":true}]
[4668][1641327575404][requester][info]["SyncManagerNew~createSocket",{"connectionMode":"watchdog"}]
[4668][1641327583784][requester][info]["SyncManagerNew~_onConnect"]
[4668][1641327589005][requester][info]["SyncManagerNew~signIn",{}]
[4668][1641327590915][requester][info]["SyncTimelineHelper: Force stopping all timelines"]
[4668][1641327590934][requester][info]["BaseSyncTimeline~forceStop: Force stop user:19016630"]
[4668][1641327592130][requester][info]["BaseSyncTimeline~forceStop: Force stop workspace:f281c8cc-3335-46f8-83ba-f960a193f036"]
[4668][1641327592592][requester][info]["subscribeToTeamEvents: Bailing out as team ID is not available"]
[4668][1641327592828][requester][error]["Codegen~checkAccess - Error while checking team access: ",{"error":{"name":"invalidPathError","message":"Proxy path you are trying to access is either invalid or not allowed","details":"/access"},"status":400,"headers":{}}]
[4668][1641327593122][requester][info]["BaseSyncTimeline~subscribe: Subscribing to real time changes for user:19016630"]
[4668][1641327593123][requester][info]["BaseSyncTimeline~_sync: Starting sync for user:19016630"]
[4668][1641327593168][requester][info]["BaseSyncTimeline~subscribe: Subscribing to real time changes for workspace:f281c8cc-3335-46f8-83ba-f960a193f036"]
[4668][1641327593168][requester][info]["BaseSyncTimeline~_sync: Starting sync for workspace:f281c8cc-3335-46f8-83ba-f960a193f036"]
[4668][1641327593233][requester][info]["BaseSyncTimeline~getPendingClientChanges: Starting to get pending changes for user:19016630"]
[4668][1641327593433][requester][info]["BaseSyncTimeline~subscribe: Skipping new subscribe for user:19016630. Timeline is syncing."]
[4668][1641327593434][requester][info]["BaseSyncTimeline~subscribe: Skipping new subscribe for workspace:f281c8cc-3335-46f8-83ba-f960a193f036. Timeline is syncing."]
[4668][1641327593454][requester][info]["BaseSyncTimeline~getPendingClientChanges: Finished to get pending changes for user:19016630"]
[4668][1641327593526][requester][info]["BaseSyncTimeline~getPendingServerChanges: Starting /sync call for user:19016630"]
[4668][1641327593654][requester][info]["BaseSyncTimeline~getPendingClientChanges: Starting to get pending changes for workspace:f281c8cc-3335-46f8-83ba-f960a193f036"]
[4668][1641327593656][requester][info]["BaseSyncTimeline~getPendingClientChanges: Finished to get pending changes for workspace:f281c8cc-3335-46f8-83ba-f960a193f036"]
[4668][1641327593657][requester][info]["BaseSyncTimeline~getPendingServerChanges: Starting /sync call for workspace:f281c8cc-3335-46f8-83ba-f960a193f036"]
[4668][1641327595314][requester][info]["BaseSyncTimeline~SyncFinishedObservable: Successful sync proceeding with integrity check and force sync for user:19016630"]
[4668][1641327595315][requester][info]["BaseSyncTimeline~handleIntegrityChecks: Bailed out integrity check for user:19016630"]
[4668][1641327595322][requester][info]["BaseSyncTimeline~_handleForceSync: Bailing out of force sync for user:19016630"]
[4668][1641327595726][requester][info]["BaseSyncTimeline~SyncFinishedObservable: Successful sync proceeding with integrity check and force sync for workspace:f281c8cc-3335-46f8-83ba-f960a193f036"]
[4668][1641327595726][requester][info]["BaseSyncTimeline~handleIntegrityChecks: Bailed out integrity check for workspace:f281c8cc-3335-46f8-83ba-f960a193f036"]
[4668][1641327595726][requester][info]["BaseSyncTimeline~_handleForceSync: Bailing out of force sync for workspace:f281c8cc-3335-46f8-83ba-f960a193f036"]
