[4668][1641298016733][shell][info]["EventBus~initialize - Success"]
[4668][1641298016783][shell][info]["bootShellCrashReporter~ Success"]
[4668][1641298016804][shell][info]["shellController~init: Success"]
[4668][1641298016805][shell][info]["shellMeta~init: Success"]
[4668][1641298016805][shell][info]["partitionMigrationService: State of V7 partition:"]
[4668][1641298016805][shell][info]["partitionMigrationService: V7 partitions",[]]
[4668][1641298016806][shell][info]["partitionMigrationService: V7 lastActiveUser",null]
[4668][1641298016806][shell][info]["partitionMigrationService: V7 activePartition",null]
[4668][1641298016806][shell][info]["partitionMigrationService: V7 isPartitionDirty",null]
[4668][1641298016807][shell][info]["partitionMigrationService~rectifyNamespaceOfScratchPadPartition: There is no partition with scratchpad namespace"]
[4668][1641298016808][shell][info]["partitionMigrationService~rectifyNamespaceOfScratchPadPartition: There is no transit partition which could have been used for scratchpad"]
[4668][1641298016808][shell][info]["partitionMigrationService~init: Success"]
[4668][1641298016809][shell][info]["partitionMigrationService~runV8PartitionsIntegrity: Two way migration~ removing the following partitions from v8",[]]
[4668][1641298016809][shell][info]["userPartitionService~_rectifyTheActivePartitionOfApplication: Setting the active partition to ",null]
[4668][1641298016811][shell][info]["userPartitionService~init: Success"]
[4668][1641298016812][shell][info]["userPartitionService: State of v8 partition system:"]
[4668][1641298016813][shell][info]["userPartitionService: List of partitions:",[]]
[4668][1641298016813][shell][info]["userPartitionService: users global meta:",{"activePartition":null}]
[4668][1641298016814][shell][info]["shell~init~loadView: loading scratchpad partition"]
[4668][1641298016820][shell][info]["shell~init~loadView: loading active partition","d1cd5087-3845-4b2a-a7e0-5868a4e761e2"]
[4668][1641298016822][shell][info]["init~setViewAttributes - Initializing view with opts:",{"id":2,"type":"shared","startTime":1641298015131,"devtools":false,"partitionId":"d1cd5087-3845-4b2a-a7e0-5868a4e761e2"}]
[4668][1641298016822][shell][info]["Shell~init~setViewAttributes: passing scratchpad partition id as ","d1cd5087-3845-4b2a-a7e0-5868a4e761e2"]
[4668][1641298016823][shell][info]["Shell~init~setViewAttributes: do we have any logged in users? ",false]
[4668][1641298016824][shell][info]["init~setViewAttributes - Success"]
[4668][1641298024235][shell][info]["Shell~init~sendUsersDataToRenderer",[]]
[4668][1641298024236][shell][info]["Shell~init~requestTeamIdIfV7Partition: requesting user context from requester web view"]
[4668][1641298024336][shell][info]["Shell~init~attachShellIPCListeners: Received user context from requester web view",{"userId":"0","teamId":"0"}]
[4668][1641298024925][shell][info]["EventBus~initialize - Success"]
[4668][1641298024944][shell][info]["bootShellCrashReporter~ Success"]
[4668][1641298024973][shell][info]["userPartitionService: State of v8 partition system:"]
[4668][1641298024977][shell][info]["userPartitionService: List of partitions:",[{"partitionId":"d1cd5087-3845-4b2a-a7e0-5868a4e761e2","namespace":"scratchPad","userId":0,"teamId":0,"isDirty":false}]]
[4668][1641298024978][shell][info]["userPartitionService: users global meta:",{"activePartition":"d1cd5087-3845-4b2a-a7e0-5868a4e761e2"}]
[4668][1641298024978][shell][info]["shell~init~loadView: loading active partition"]
[4668][1641298024979][shell][info]["shell~init~loadView: loading active partition","d1cd5087-3845-4b2a-a7e0-5868a4e761e2"]
[4668][1641298024980][shell][info]["init~setViewAttributes - Initializing view with opts:",{"id":3,"type":"requester","startTime":1641298024298,"devtools":false,"primaryId":3,"allIds":[3],"partitionId":"d1cd5087-3845-4b2a-a7e0-5868a4e761e2"}]
[4668][1641298024981][shell][info]["Shell~init~setViewAttributes: passing scratchpad partition id as ","d1cd5087-3845-4b2a-a7e0-5868a4e761e2"]
[4668][1641298024982][shell][info]["Shell~init~setViewAttributes: do we have any logged in users? ",false]
[4668][1641298024984][shell][info]["init~setViewAttributes - Success"]
[4668][1641298029603][shell][info]["Shell~init~sendUsersDataToRenderer",[]]
[4668][1641298029706][shell][info]["Shell~init~sendUsersDataToRenderer",[]]
[4668][1641298060800][shell][info]["Shell~init~addNewUser: using transit partition","afe0b664-0534-48a5-8e0f-4bacd0cd6d01"]
[4668][1641298060801][shell][info]["shell~init~loadView: loading active partition","afe0b664-0534-48a5-8e0f-4bacd0cd6d01"]
[4668][1641298060802][shell][info]["init~setViewAttributes - Initializing view with opts:",{"id":2,"partitionId":"afe0b664-0534-48a5-8e0f-4bacd0cd6d01","newUser":true,"type":"shared"}]
[4668][1641298060803][shell][info]["Shell~init~setViewAttributes: passing scratchpad partition id as ","d1cd5087-3845-4b2a-a7e0-5868a4e761e2"]
[4668][1641298060803][shell][info]["Shell~init~setViewAttributes: do we have any logged in users? ",false]
[4668][1641298060804][shell][info]["init~setViewAttributes - Success"]
[4668][1641298068886][shell][info]["Shell~init~sendUsersDataToRenderer",[]]
[4668][1641298069287][shell][info]["EventBus~initialize - Success"]
[4668][1641298069301][shell][info]["bootShellCrashReporter~ Success"]
[4668][1641298069320][shell][info]["userPartitionService: State of v8 partition system:"]
[4668][1641298069321][shell][info]["userPartitionService: List of partitions:",[{"partitionId":"afe0b664-0534-48a5-8e0f-4bacd0cd6d01","namespace":"users","userId":0,"teamId":0,"lastUpdated":"2022-01-04T12:07:40.799Z"},{"partitionId":"d1cd5087-3845-4b2a-a7e0-5868a4e761e2","namespace":"scratchPad","userId":0,"teamId":0,"isDirty":false}]]
[4668][1641298069322][shell][info]["userPartitionService: users global meta:",{"activePartition":"afe0b664-0534-48a5-8e0f-4bacd0cd6d01"}]
[4668][1641298069323][shell][info]["shell~init~loadView: loading active partition"]
[4668][1641298069323][shell][info]["shell~init~loadView: loading active partition","afe0b664-0534-48a5-8e0f-4bacd0cd6d01"]
[4668][1641298069325][shell][info]["init~setViewAttributes - Initializing view with opts:",{"id":6,"type":"requester","startTime":1641298068914,"devtools":false,"primaryId":6,"allIds":[6],"partitionId":"afe0b664-0534-48a5-8e0f-4bacd0cd6d01"}]
[4668][1641298069326][shell][info]["Shell~init~setViewAttributes: passing scratchpad partition id as ","d1cd5087-3845-4b2a-a7e0-5868a4e761e2"]
[4668][1641298069326][shell][info]["Shell~init~setViewAttributes: do we have any logged in users? ",false]
[4668][1641298069327][shell][info]["init~setViewAttributes - Success"]
[4668][1641298074875][shell][info]["Shell~init~sendUsersDataToRenderer",[]]
[4668][1641298075097][shell][info]["Shell~init~sendUsersDataToRenderer",[]]
[4668][1641298122390][shell][info]["Shell~init~loginUser"]
[4668][1641298122402][shell][info]["Shell~init~loginUser: associating the user ","19016630"," with current partition ","afe0b664-0534-48a5-8e0f-4bacd0cd6d01"]
[4668][1641298122403][shell][info]["userPartitionService~associateTransitPartition: ",{"partitionId":"afe0b664-0534-48a5-8e0f-4bacd0cd6d01","context":{"namespace":"users","userId":"19016630","teamId":"0"}}]
[4668][1641298122403][shell][info]["userPartitionService: State of v8 partition system:"]
[4668][1641298122404][shell][info]["userPartitionService: List of partitions:",[{"partitionId":"afe0b664-0534-48a5-8e0f-4bacd0cd6d01","namespace":"users","userId":"19016630","teamId":"0","lastUpdated":"2022-01-04T12:08:42.402Z"},{"partitionId":"d1cd5087-3845-4b2a-a7e0-5868a4e761e2","namespace":"scratchPad","userId":0,"teamId":0,"isDirty":false}]]
[4668][1641298122405][shell][info]["userPartitionService: users global meta:",{"activePartition":"afe0b664-0534-48a5-8e0f-4bacd0cd6d01"}]
[4668][1641298122405][shell][info]["Shell~init~sendUsersDataToRenderer",["19016630"]]
[4668][1641298122884][shell][info]["EventBus~initialize - Success"]
[4668][1641298122887][shell][info]["bootShellCrashReporter~ Success"]
[4668][1641298122902][shell][info]["userPartitionService: State of v8 partition system:"]
[4668][1641298122903][shell][info]["userPartitionService: List of partitions:",[{"partitionId":"afe0b664-0534-48a5-8e0f-4bacd0cd6d01","namespace":"users","userId":"19016630","teamId":"0","lastUpdated":"2022-01-04T12:08:42.402Z"},{"partitionId":"d1cd5087-3845-4b2a-a7e0-5868a4e761e2","namespace":"scratchPad","userId":0,"teamId":0,"isDirty":false}]]
[4668][1641298122904][shell][info]["userPartitionService: users global meta:",{"activePartition":"afe0b664-0534-48a5-8e0f-4bacd0cd6d01"}]
[4668][1641298122904][shell][info]["shell~init~loadView: loading active partition"]
[4668][1641298122904][shell][info]["shell~init~loadView: loading active partition","afe0b664-0534-48a5-8e0f-4bacd0cd6d01"]
[4668][1641298122906][shell][info]["init~setViewAttributes - Initializing view with opts:",{"id":6,"type":"requester","startTime":1641298068914,"devtools":false,"primaryId":6,"allIds":[6],"partitionId":"afe0b664-0534-48a5-8e0f-4bacd0cd6d01"}]
[4668][1641298122907][shell][info]["Shell~init~setViewAttributes: passing scratchpad partition id as ","d1cd5087-3845-4b2a-a7e0-5868a4e761e2"]
[4668][1641298122907][shell][info]["Shell~init~setViewAttributes: do we have any logged in users? ",true]
[4668][1641298122908][shell][info]["init~setViewAttributes - Success"]
[4668][1641298126468][shell][info]["Shell~init~sendUsersDataToRenderer",["19016630"]]
[4668][1641298126517][shell][info]["Shell~init~sendUsersDataToRenderer",["19016630"]]
[4668][1641298128520][shell][info]["model-events~user - bootstrapUser received"]
[4668][1641298128532][shell][info]["userPartitionService~associateTransitPartition: ",{"partitionId":"afe0b664-0534-48a5-8e0f-4bacd0cd6d01","context":{"namespace":"users","userId":"19016630","teamId":"0"}}]
[4668][1641298128534][shell][info]["userPartitionService: State of v8 partition system:"]
[4668][1641298128534][shell][info]["userPartitionService: List of partitions:",[{"partitionId":"afe0b664-0534-48a5-8e0f-4bacd0cd6d01","namespace":"users","userId":"19016630","teamId":"0","lastUpdated":"2022-01-04T12:08:48.532Z"},{"partitionId":"d1cd5087-3845-4b2a-a7e0-5868a4e761e2","namespace":"scratchPad","userId":0,"teamId":0,"isDirty":false}]]
[4668][1641298128535][shell][info]["userPartitionService: users global meta:",{"activePartition":"afe0b664-0534-48a5-8e0f-4bacd0cd6d01"}]
