[plainthing.studio/index.html]
[backblue.gif]
[fade.gif]
[index.html]
[plainthing.studio/css/normalize.css]
[plainthing.studio/css/webflow.css]
[plainthing.studio/css/plainthingcopy.webflow.css]
[ajax.googleapis.com/ajax/libs/webfont/1.6.26/webfont.js]
[plainthing.studio/images/webclip.png]
[plainthing.studio/index-2.html]
[plainthing.studio/images/logo-new-plainthing.svg]
[plainthing.studio/work.html]
[plainthing.studio/services.html]
[plainthing.studio/about-us.html]
[plainthing.studio/contact-us.html]
[plainthing.studio/images/Oval.svg]
[plainthing.studio/images/Rectangle.svg]
[plainthing.studio/images/dot-square.svg]
[plainthing.studio/images/stars.svg]
[plainthing.studio/images/Oval2.svg]
[plainthing.studio/images/preview-1.png]
[plainthing.studio/project/project-netwebo.html]
[plainthing.studio/images/preview-2.png]
[plainthing.studio/project/project-productivity.html]
[plainthing.studio/images/preview-3.png]
[plainthing.studio/project/project-10mates.html]
[plainthing.studio/images/preview-4.png]
[plainthing.studio/project/project-green-cosmic.html]
[plainthing.studio/images/Rectangle2.svg]
[plainthing.studio/images/dot-square2.svg]
[plainthing.studio/images/photo.png]
[plainthing.studio/images/TUV.svg]
[plainthing.studio/images/lion-parcel.svg]
[plainthing.studio/images/pertamina.svg]
[plainthing.studio/images/zahir.svg]
[plainthing.studio/images/bnp2tki.svg]
[plainthing.studio/images/grow-social.svg]
[plainthing.studio/images/footer-big-new.svg]
[plainthing.studio/images/footer-planet.svg]
[plainthing.studio/images/footer-planet2.svg]
[plainthing.studio/images/footer-astronout.svg]
[plainthing.studio/images/footer-stars.svg]
[plainthing.studio/images/facebook.svg]
[plainthing.studio/images/dribble.svg]
[plainthing.studio/images/instagram.svg]
[plainthing.studio/images/behance.svg]
[plainthing.studio/images/menu.svg]
[plainthing.studio/images/x-icon.svg]
[plainthing.studio/js/webflow.js]
[d3e54v103j8qbb.cloudfront.net/js/jquery-3.5.1.min.dc5e7f18c89bee.js]
[min30327.github.io/luxy.js/dist/js/luxy.js]
[plainthing.studio/index.html]
[plainthing.studio/index-2.html]
[plainthing.studio/images/IMG_1409.png]
[plainthing.studio/work.html]
[plainthing.studio/services.html]
[plainthing.studio/images/PER.png]
[plainthing.studio/images/NERI.png]
[plainthing.studio/images/ASEIF2.png]
[plainthing.studio/images/HER.png]
[plainthing.studio/images/AHMAD.png]
[plainthing.studio/images/MAKRUF.png]
[plainthing.studio/images/THEO.png]
[plainthing.studio/images/AGUM.png]
[plainthing.studio/images/IMG_1618.png]
[plainthing.studio/images/IMG_1679.png]
[plainthing.studio/images/IMG_1635.png]
[plainthing.studio/about-us.html]
[plainthing.studio/images/contact.svg]
[plainthing.studio/contact-us.html]
[plainthing.studio/images/image1.png]
[plainthing.studio/images/color.png]
[plainthing.studio/images/illustrations.png]
[plainthing.studio/images/1.png]
[plainthing.studio/images/2.png]
[plainthing.studio/images/3.png]
[plainthing.studio/images/4.png]
[plainthing.studio/images/5.png]
[plainthing.studio/images/6.png]
[plainthing.studio/images/7.png]
[plainthing.studio/images/8.png]
[plainthing.studio/project/project-netwebo.html]
[plainthing.studio/images/Scene1a-01.png]
[plainthing.studio/images/Scene_8A-01.png]
[plainthing.studio/images/Scene_9C-01.png]
[plainthing.studio/images/SCENE5-01.png]
[plainthing.studio/images/Scene_7C-01.png]
[plainthing.studio/images/Scene_7B-01.png]
[plainthing.studio/images/Scene_11C-01.png]
[plainthing.studio/images/Scene_10B-01.png]
[plainthing.studio/project/project-productivity.html]
[plainthing.studio/images/10mates---Homepage-copy.png]
[plainthing.studio/images/1-02.png]
[plainthing.studio/images/icon.png]
[plainthing.studio/images/10mates2.png]
[plainthing.studio/project/project-10mates.html]
[plainthing.studio/images/01_HEADER_MAINPAGE.svg]
[plainthing.studio/images/color_1.png]
[plainthing.studio/images/08_BLOGGER.svg]
[plainthing.studio/images/02_SECTION2.svg]
[plainthing.studio/images/07_ADVERTISER.svg]
[plainthing.studio/images/03_DEAL.svg]
[plainthing.studio/images/05_MONETIZES_.svg]
[plainthing.studio/images/04_FIND_.svg]
[plainthing.studio/images/02_MONETIZE.svg]
[plainthing.studio/images/04_STAY_IN_TOUCH.svg]
[plainthing.studio/images/01_HEADER_BLOGGER.svg]
[plainthing.studio/images/03_POSSIBILITY.svg]
[plainthing.studio/images/03_CHANNEL_GROWTH.svg]
[plainthing.studio/images/02_WHAT_WE_DO.svg]
[plainthing.studio/images/01_HEADER_ADV.svg]
[plainthing.studio/project/project-green-cosmic.html]
[plainthing.studio/css/normalize.css]
[plainthing.studio/css/webflow.css]
[d3e54v103j8qbb.cloudfront.net/js/jquery-3.5.1.min.dc5e7f18c89bee.js]
[ajax.googleapis.com/ajax/libs/webfont/1.6.26/webfont.js]
[plainthing.studio/images/productivity.png]
[plainthing.studio/images/thumbnail-10mates.png]
[plainthing.studio/images/thumbail-greencosmic.png]
[plainthing.studio/images/services.png]
[plainthing.studio/css/plainthingcopy.webflow.css]
[plainthing.studio/images/logo-new-plainthing.svg]
[plainthing.studio/images/Oval.svg]
[plainthing.studio/images/Rectangle.svg]
[plainthing.studio/images/dot-square.svg]
[plainthing.studio/images/stars.svg]
[plainthing.studio/images/Oval2.svg]
[plainthing.studio/project/project-netwebo.html]
[plainthing.studio/project/project-productivity.html]
[plainthing.studio/project/project-10mates.html]
[plainthing.studio/project/project-green-cosmic.html]
[plainthing.studio/images/Rectangle2.svg]
[plainthing.studio/images/dot-square2.svg]
[plainthing.studio/images/TUV.svg]
[plainthing.studio/images/lion-parcel.svg]
[plainthing.studio/images/pertamina.svg]
[plainthing.studio/images/zahir.svg]
[plainthing.studio/images/bnp2tki.svg]
[plainthing.studio/images/grow-social.svg]
[plainthing.studio/images/footer-big-new.svg]
[plainthing.studio/images/footer-planet.svg]
[plainthing.studio/images/footer-planet2.svg]
[plainthing.studio/images/footer-astronout.svg]
[plainthing.studio/images/footer-stars.svg]
[plainthing.studio/images/facebook.svg]
[plainthing.studio/images/dribble.svg]
[plainthing.studio/images/instagram.svg]
[plainthing.studio/images/behance.svg]
[plainthing.studio/images/menu.svg]
[plainthing.studio/images/x-icon.svg]
[plainthing.studio/images/contact.svg]
[plainthing.studio/images/01_HEADER_MAINPAGE.svg]
[plainthing.studio/images/08_BLOGGER.svg]
[plainthing.studio/images/02_SECTION2.svg]
[plainthing.studio/images/07_ADVERTISER.svg]
[plainthing.studio/images/03_DEAL.svg]
[plainthing.studio/images/05_MONETIZES_.svg]
[plainthing.studio/images/04_FIND_.svg]
[plainthing.studio/images/02_MONETIZE.svg]
[plainthing.studio/images/04_STAY_IN_TOUCH.svg]
[plainthing.studio/images/01_HEADER_BLOGGER.svg]
[plainthing.studio/images/03_POSSIBILITY.svg]
[plainthing.studio/images/03_CHANNEL_GROWTH.svg]
[plainthing.studio/images/02_WHAT_WE_DO.svg]
[plainthing.studio/images/01_HEADER_ADV.svg]
[plainthing.studio/images/favicon.png]
[plainthing.studio/images/IMG_1575.jpg]
[plainthing.studio/images/thumbnail.png]
