2022-01-21 23:22:38.862 - Create display
SWT SessionManagerDBus: Failed to RegisterClient: GDBus.Error:org.freedesktop.DBus.Error.AccessDenied: An AppArmor policy prevents this sender from sending this message to this recipient; type="method_call", sender=":1.92" (uid=1000 pid=2487 comm="/snap/dbeaver-ce/149/usr/share/dbeaver-ce/jre/bin/" label="snap.dbeaver-ce.dbeaver-ce (enforce)") interface="org.gnome.SessionManager" member="RegisterClient" error name="(unset)" requested_reply="0" destination=":1.7" (uid=1000 pid=1630 comm="cinnamon-session --session cinnamon " label="unconfined")
2022-01-21 23:22:39.138 - DBeaver 21.3.1.202112111946 is starting
2022-01-21 23:22:39.139 - OS: Linux 5.4.0-91-generic (amd64)
2022-01-21 23:22:39.139 - Java version: 11.0.12 by Eclipse Foundation (64bit)
2022-01-21 23:22:39.139 - Install path: '/snap/dbeaver-ce/149/usr/share/dbeaver-ce'
2022-01-21 23:22:39.139 - Instance path: 'file:/home/mujahid/snap/dbeaver-ce/149/.local/share/DBeaverData/workspace6/'
2022-01-21 23:22:39.139 - Memory available 85Mb/1024Mb
> Start DBeaver UI Editors - Base [org.jkiss.dbeaver.ui.editors.base 1.0.71.202112111946]
2022-01-21 23:22:39.173 - Starting RMI server at 60922
2022-01-21 23:22:39.295 - Run workbench
> Start Eclipse e4 Workbench SWT [org.eclipse.e4.ui.workbench.swt 0.16.200.v20210723-1326]
> Start Eclipse Application Services [org.eclipse.e4.core.services 2.3.0.v20210723-1034]
> Start Eclipse UI Application Services [org.eclipse.e4.ui.services 1.5.0.v20210115-1333]
> Start EMF XML/XMI Persistence [org.eclipse.emf.ecore.xmi 2.16.0.v20190528-0725]
> Start Eclipse CSS SWT Theme Support [org.eclipse.e4.ui.css.swt.theme 0.13.0.v20201026-1147]
> Start Eclipse e4 Workbench Add-ons [org.eclipse.e4.ui.workbench.addons.swt 1.4.300.v20210813-1521]
> Start Eclipse e4 Workbench SWT Renderer [org.eclipse.e4.ui.workbench.renderers.swt 0.15.200.v20210816-1658]
> Start Eclipse Bindings Support [org.eclipse.e4.ui.bindings 0.13.100.v20210722-1426]
> Start Eclipse Dependency Injection Extensions [org.eclipse.e4.core.di.extensions 0.17.0.v20210625-1052]
> Start Eclipse CSS SWT Support [org.eclipse.e4.ui.css.swt 0.14.300.v20210723-0837]
> Start DBeaver UI [org.jkiss.dbeaver.ui 5.1.86.202112111946]
> Start Eclipse SDK Themes [org.eclipse.ui.themes 1.2.1500.v20210607-1102]
2022-01-21 23:22:42.071 - Configure workbench window
> Start Help System Core [org.eclipse.help 3.9.100.v20210721-0601]
2022-01-21 23:22:42.220 - Create actions
2022-01-21 23:22:42.228 - Disable Eclipse action set 'org.eclipse.ui.edit.text.actionSet.annotationNavigation'
2022-01-21 23:22:42.229 - Disable Eclipse action set 'org.eclipse.ui.WorkingSetActionSet'
2022-01-21 23:22:42.229 - Disable Eclipse action set 'org.eclipse.ui.actionSet.openFiles'
2022-01-21 23:22:43.706 - Initialize workbench window
2022-01-21 23:22:43.718 - Finish initialization
> Start Equinox Java Authentication and Authorization Service (JAAS) [org.eclipse.equinox.security 1.3.700.v20210726-0943]
> Start Internet Connection Management UI [org.eclipse.ui.net 1.4.0.v20210426-0838]
> Start Internet Connection Management [org.eclipse.core.net 1.3.1100.v20210424-0724]
> Start DBeaver SQL Model [org.jkiss.dbeaver.model.sql 1.0.61.202112111946]
2022-01-21 23:22:45.503 - Script dialect 'oceanbase' not found in registry (for data source provider oceanbase). Use default.
2022-01-21 23:22:45.518 - Total database drivers: 92 (92)
> Start DBeaver UI Editors - Data [org.jkiss.dbeaver.ui.editors.data 1.0.71.202112111946]
> Start Default Text Editor [org.eclipse.ui.editors 3.14.200.v20210622-1002]
> Start Text Editor Framework [org.eclipse.ui.workbench.texteditor 3.16.200.v20210724-2153]
> Start DBeaver UI Editors - SQL [org.jkiss.dbeaver.ui.editors.sql 1.0.71.202112111946]
> Start DBeaver Sample Database [org.jkiss.dbeaver.ext.sample.database 1.0.108.202112111946]
> Start DBeaver Tip of the day [org.jkiss.dbeaver.ext.ui.tipoftheday 1.0.77.202112111946]
2022-01-21 23:22:47.753 - Open [https://dbeaver.io/product/version.xml]
> Start Draw2d [org.eclipse.draw2dl 3.12.100.20211006155649]
> Start GEF3 GEF (MVC) [org.eclipse.gef3 3.12.100.20211006155649]
> Start DBeaver ERD UI [org.jkiss.dbeaver.erd.ui 3.0.31.202112111946]
> Start DBeaver ERD Model [org.jkiss.dbeaver.erd.model 1.0.31.202112111946]
